<?xml version="1.0" encoding="UTF-8"?>
<testsuite xmlns:xsi="http://www.w3.org/2001/XMLSchema-instance" xsi:noNamespaceSchemaLocation="https://maven.apache.org/surefire/maven-surefire-plugin/xsd/surefire-test-report-3.0.xsd" version="3.0" name="cucumberoption.TestRunner" time="10.404" tests="9" errors="0" skipped="0" failures="0">
  <properties>
[...]
</properties>
  <testcase name="Verify Login with valid credentials and generate authorization Token code" classname="To verify Banking Application" time="5.162">
    <system-out><![CDATA[YW5OdGFYUm86WkdWdGJ6RXlNelE9OhY/Zg8/Yx0=
]]></system-out>
  </testcase>
  <testcase name="Get users accounts list" classname="To verify Banking Application" time="0.987">
    <system-out><![CDATA[YW5OdGFYUm86WkdWdGJ6RXlNelE9OhY/Zg8/Yx0=
/account
[800002, 800003, 4539082039396288]
]]></system-out>
  </testcase>
  <testcase name="Verify the account balaance" classname="To verify Banking Application" time="0.49">
    <system-out><![CDATA[{"accountId":"800002","balance":"-$99006922.58","credits":[{"date":"2004-12-29","amount":"1200","description":"Paycheck","account":"1001160140"},{"date":"2005-01-12","amount":"1200","description":"Paycheck","account":"1001160140"},{"date":"2005-01-29","amount":"1200","description":"Paycheck","account":"1001160140"},{"date":"2005-02-12","amount":"1200","description":"Paycheck","account":"1001160140"},{"date":"2005-03-01","amount":"1200","description":"Paycheck","account":"1001160140"},{"date":"2005-03-15","amount":"1200","description":"Paycheck","account":"1001160140"}],"debits":[{"date":"2005-01-17","amount":"2.85","description":"Withdrawal","account":"1001160140"},{"date":"2005-01-25","amount":"800","description":"Rent","account":"1001160140"},{"date":"2005-01-27","amount":"45.25","description":"Electric Bill","account":"1001160140"},{"date":"2005-01-28","amount":"29.99","description":"Heating","account":"1001160140"},{"date":"2005-01-29","amount":"321","description":"Transfer to Savings","account":"1001160140"},{"date":"2005-01-29","amount":"19.6","description":"Groceries","account":"1001160140"}],"last_10_transactions":[{"date":"2026-01-17","transaction_type":"Deposit","ammount":"$2.00"},{"date":"2026-01-17","transaction_type":"Deposit","ammount":"$2.00"},{"date":"2026-01-17","transaction_type":"Deposit","ammount":"$2.00"},{"date":"2026-01-17","transaction_type":"Deposit","ammount":"$2.00"},{"date":"2026-01-17","transaction_type":"Deposit","ammount":"$2.00"},{"date":"2026-01-17","transaction_type":"Deposit","ammount":"$2.00"},{"date":"2026-01-17","transaction_type":"Deposit","ammount":"$2.00"},{"date":"2026-01-17","transaction_type":"Deposit","ammount":"$2.00"},{"date":"2026-01-17","transaction_type":"Deposit","ammount":"$2.00"},{"date":"2026-01-17","transaction_type":"Withdrawal","ammount":"-$1000.00"}]}
-$99006922.58
]]></system-out>
  </testcase>
  <testcase name="Verify account statement for a user account" classname="To verify Banking Application" time="0.42">
    <system-out><![CDATA[[[date:2026-01-17, transaction_type:Deposit, ammount:$2.00], [date:2026-01-17, transaction_type:Deposit, ammount:$2.00], [date:2026-01-17, transaction_type:Deposit, ammount:$2.00], [date:2026-01-17, transaction_type:Deposit, ammount:$2.00], [date:2026-01-17, transaction_type:Deposit, ammount:$2.00], [date:2026-01-17, transaction_type:Deposit, ammount:$2.00], [date:2026-01-17, transaction_type:Deposit, ammount:$2.00], [date:2026-01-17, transaction_type:Deposit, ammount:$2.00], [date:2026-01-17, transaction_type:Deposit, ammount:$2.00], [date:2026-01-17, transaction_type:Withdrawal, ammount:-$1000.00]]
]]></system-out>
  </testcase>
  <testcase name="Verify account statement for specific date range" classname="To verify Banking Application" time="0.655">
    <system-out><![CDATA[{"last_10_transactions":[{"date":"2026-01-17","transaction_type":"Deposit","ammount":"$2.00"},{"date":"2026-01-17","transaction_type":"Deposit","ammount":"$2.00"},{"date":"2026-01-17","transaction_type":"Deposit","ammount":"$2.00"},{"date":"2026-01-17","transaction_type":"Deposit","ammount":"$2.00"},{"date":"2026-01-17","transaction_type":"Deposit","ammount":"$2.00"},{"date":"2026-01-17","transaction_type":"Deposit","ammount":"$2.00"},{"date":"2026-01-17","transaction_type":"Deposit","ammount":"$2.00"},{"date":"2026-01-17","transaction_type":"Deposit","ammount":"$2.00"},{"date":"2026-01-17","transaction_type":"Deposit","ammount":"$2.00"},{"date":"2026-01-17","transaction_type":"Withdrawal","ammount":"-$1000.00"}]}
]]></system-out>
  </testcase>
  <testcase name="Verify successful funds transfer between 2 accounts" classname="To verify Banking Application" time="0.354">
    <system-out><![CDATA[{"success":"200.0 was successfully transferred from Account 800002 into Account 800003 at 1/17/26 10:19 PM."}
]]></system-out>
  </testcase>
  <testcase name="Verify user submits feedback" classname="To verify Banking Application" time="0.333">
    <system-out><![CDATA[{"comments":"I like the new look of your applicaiton","subject":"Amazing web design","name":"J Smith","email":"jsmtih@altoromutual.com"}
]]></system-out>
  </testcase>
  <testcase name="Verify new user addition" classname="To verify Banking Application" time="0.332">
    <system-out><![CDATA[{"success":"Requested operation has completed successfully."}
]]></system-out>
  </testcase>
  <testcase name="Verify user logout function" classname="To verify Banking Application" time="0.337">
    <system-out><![CDATA[YW5OdGFYUm86WkdWdGJ6RXlNelE9OhY/Zg8/Yx0=
{"LoggedOut" : "True"}
]]></system-out>
  </testcase>
</testsuite>