<?xml version="1.0" encoding="UTF-8"?>
<testng-results ignored="0" total="1" passed="1" failed="0" skipped="0">
  <reporter-output>
  </reporter-output>
  <suite started-at="2026-01-17T12:55:29 EST" name="Default suite" finished-at="2026-01-17T12:55:35 EST" duration-ms="5478">
    <groups>
    </groups>
    <test started-at="2026-01-17T12:55:29 EST" name="Default test" finished-at="2026-01-17T12:55:35 EST" duration-ms="5478">
      <class name="Dummy">
        <test-method signature="loginUser()[pri:0, instance:Dummy@459e9125]" started-at="2026-01-17T12:55:29 EST" name="loginUser" finished-at="2026-01-17T12:55:35 EST" duration-ms="5440" status="PASS">
          <reporter-output>
          </reporter-output>
        </test-method> <!-- loginUser -->
      </class> <!-- Dummy -->
    </test> <!-- Default test -->
  </suite> <!-- Default suite -->
</testng-results>
