<?xml version="1.0" encoding="UTF-8"?>
<testng-results ignored="0" total="1" passed="1" failed="0" skipped="0">
  <reporter-output>
  </reporter-output>
  <suite started-at="2026-01-24T21:06:01 EST" name="Default suite" finished-at="2026-01-24T21:06:11 EST" duration-ms="9821">
    <groups>
    </groups>
    <test started-at="2026-01-24T21:06:01 EST" name="Default test" finished-at="2026-01-24T21:06:11 EST" duration-ms="9821">
      <class name="stepDefinations.BaseClass">
        <test-method signature="baseclassmethod()[pri:0, instance:stepDefinations.BaseClass@55183b20]" started-at="2026-01-24T21:06:01 EST" name="baseclassmethod" finished-at="2026-01-24T21:06:11 EST" duration-ms="9753" status="PASS">
          <reporter-output>
          </reporter-output>
        </test-method> <!-- baseclassmethod -->
      </class> <!-- stepDefinations.BaseClass -->
    </test> <!-- Default test -->
  </suite> <!-- Default suite -->
</testng-results>
